# JRE version: OpenJDK Runtime Environment Temurin-21.0.8+9 (21.0.8+9) (build 21.0.8+9-LTS)
# Java VM: OpenJDK 64-Bit Server VM Temurin-21.0.8+9 (21.0.8+9-LTS, mixed mode, sharing, tiered, compressed oops, compressed class ptrs, parallel gc, windows-amd64)
GC Precious Log:
 CardTable entry size: 512
 CPUs: 8 total, 8 available
 Memory: 16134M
 Large Page Support: Disabled
 NUMA Support: Disabled
 Compressed Oops: Enabled (32-bit)
 Alignments: Space 512K, Generation 512K, Heap 2M
 Heap Min Capacity: 100M
 Heap Initial Capacity: 100M
 Heap Max Capacity: 2G
 Pre-touch: Disabled
 Parallel Workers: 8
Heap:
 PSYoungGen      total 11264K, used 8160K [0x00000000d5580000, 0x00000000d6300000, 0x0000000100000000)
  eden space 10752K, 74% used [0x00000000d5580000,0x00000000d5d50210,0x00000000d6000000)
  from space 512K, 31% used [0x00000000d6200000,0x00000000d6228000,0x00000000d6280000)
  to   space 512K, 0% used [0x00000000d6280000,0x00000000d6280000,0x00000000d6300000)
 ParOldGen       total 1355776K, used 1355473K [0x0000000080000000, 0x00000000d2c00000, 0x00000000d5580000)
  object space 1355776K, 99% used [0x0000000080000000,0x00000000d2bb4460,0x00000000d2c00000)
 Metaspace       used 87660K, committed 89216K, reserved 1179648K
  class space    used 8656K, committed 9408K, reserved 1048576K
GC Heap History (20 events):
Event: 14928.523 GC heap before
{Heap before GC invocations=6227 (full 6):
 PSYoungGen      total 11264K, used 10976K [0x00000000d5580000, 0x00000000d6500000, 0x0000000100000000)
  eden space 10752K, 100% used [0x00000000d5580000,0x00000000d6000000,0x00000000d6000000)
  from space 512K, 43% used [0x00000000d6000000,0x00000000d6038000,0x00000000d6080000)
  to   space 1536K, 0% used [0x00000000d6380000,0x00000000d6380000,0x00000000d6500000)
 ParOldGen       total 1353728K, used 1353694K [0x0000000080000000, 0x00000000d2a00000, 0x00000000d5580000)
  object space 1353728K, 99% used [0x0000000080000000,0x00000000d29f7800,0x00000000d2a00000)
 Metaspace       used 87620K, committed 89216K, reserved 1179648K
  class space    used 8656K, committed 9408K, reserved 1048576K
}
Event: 14928.531 GC heap after
{Heap after GC invocations=6227 (full 6):
 PSYoungGen      total 11264K, used 160K [0x00000000d5580000, 0x00000000d6400000, 0x0000000100000000)
  eden space 10752K, 0% used [0x00000000d5580000,0x00000000d5580000,0x00000000d6000000)
  from space 512K, 31% used [0x00000000d6380000,0x00000000d63a8000,0x00000000d6400000)
  to   space 512K, 0% used [0x00000000d6000000,0x00000000d6000000,0x00000000d6080000)
 ParOldGen       total 1353728K, used 1353726K [0x0000000080000000, 0x00000000d2a00000, 0x00000000d5580000)
  object space 1353728K, 99% used [0x0000000080000000,0x00000000d29ff800,0x00000000d2a00000)
 Metaspace       used 87620K, committed 89216K, reserved 1179648K
  class space    used 8656K, committed 9408K, reserved 1048576K
}
Event: 15034.062 GC heap before
{Heap before GC invocations=6228 (full 6):
 PSYoungGen      total 11264K, used 10912K [0x00000000d5580000, 0x00000000d6400000, 0x0000000100000000)
  eden space 10752K, 100% used [0x00000000d5580000,0x00000000d6000000,0x00000000d6000000)
  from space 512K, 31% used [0x00000000d6380000,0x00000000d63a8000,0x00000000d6400000)
  to   space 512K, 0% used [0x00000000d6000000,0x00000000d6000000,0x00000000d6080000)
 ParOldGen       total 1353728K, used 1353726K [0x0000000080000000, 0x00000000d2a00000, 0x00000000d5580000)
  object space 1353728K, 99% used [0x0000000080000000,0x00000000d29ff800,0x00000000d2a00000)
 Metaspace       used 87620K, committed 89216K, reserved 1179648K
  class space    used 8656K, committed 9408K, reserved 1048576K
}
Event: 15034.080 GC heap after
{Heap after GC invocations=6228 (full 6):
 PSYoungGen      total 11264K, used 160K [0x00000000d5580000, 0x00000000d6400000, 0x0000000100000000)
  eden space 10752K, 0% used [0x00000000d5580000,0x00000000d5580000,0x00000000d6000000)
  from space 512K, 31% used [0x00000000d6000000,0x00000000d6028000,0x00000000d6080000)
  to   space 512K, 0% used [0x00000000d6380000,0x00000000d6380000,0x00000000d6400000)
 ParOldGen       total 1354240K, used 1353758K [0x0000000080000000, 0x00000000d2a80000, 0x00000000d5580000)
  object space 1354240K, 99% used [0x0000000080000000,0x00000000d2a07800,0x00000000d2a80000)
 Metaspace       used 87620K, committed 89216K, reserved 1179648K
  class space    used 8656K, committed 9408K, reserved 1048576K
}
Event: 15045.354 GC heap before
{Heap before GC invocations=6229 (full 6):
 PSYoungGen      total 11264K, used 10912K [0x00000000d5580000, 0x00000000d6400000, 0x0000000100000000)
  eden space 10752K, 100% used [0x00000000d5580000,0x00000000d6000000,0x00000000d6000000)
  from space 512K, 31% used [0x00000000d6000000,0x00000000d6028000,0x00000000d6080000)
  to   space 512K, 0% used [0x00000000d6380000,0x00000000d6380000,0x00000000d6400000)
 ParOldGen       total 1354240K, used 1353758K [0x0000000080000000, 0x00000000d2a80000, 0x00000000d5580000)
  object space 1354240K, 99% used [0x0000000080000000,0x00000000d2a07800,0x00000000d2a80000)
 Metaspace       used 87625K, committed 89216K, reserved 1179648K
  class space    used 8656K, committed 9408K, reserved 1048576K
}
Event: 15045.361 GC heap after
{Heap after GC invocations=6229 (full 6):
 PSYoungGen      total 11264K, used 224K [0x00000000d5580000, 0x00000000d6400000, 0x0000000100000000)
  eden space 10752K, 0% used [0x00000000d5580000,0x00000000d5580000,0x00000000d6000000)
  from space 512K, 43% used [0x00000000d6380000,0x00000000d63b8000,0x00000000d6400000)
  to   space 512K, 0% used [0x00000000d6000000,0x00000000d6000000,0x00000000d6080000)
 ParOldGen       total 1354240K, used 1353798K [0x0000000080000000, 0x00000000d2a80000, 0x00000000d5580000)
  object space 1354240K, 99% used [0x0000000080000000,0x00000000d2a11800,0x00000000d2a80000)
 Metaspace       used 87625K, committed 89216K, reserved 1179648K
  class space    used 8656K, committed 9408K, reserved 1048576K
}
Event: 15056.559 GC heap before
{Heap before GC invocations=6230 (full 6):
 PSYoungGen      total 11264K, used 10975K [0x00000000d5580000, 0x00000000d6400000, 0x0000000100000000)
  eden space 10752K, 99% used [0x00000000d5580000,0x00000000d5fffe40,0x00000000d6000000)
  from space 512K, 43% used [0x00000000d6380000,0x00000000d63b8000,0x00000000d6400000)
  to   space 512K, 0% used [0x00000000d6000000,0x00000000d6000000,0x00000000d6080000)
 ParOldGen       total 1354240K, used 1353798K [0x0000000080000000, 0x00000000d2a80000, 0x00000000d5580000)
  object space 1354240K, 99% used [0x0000000080000000,0x00000000d2a11800,0x00000000d2a80000)
 Metaspace       used 87626K, committed 89216K, reserved 1179648K
  class space    used 8656K, committed 9408K, reserved 1048576K
}
Event: 15056.568 GC heap after
{Heap after GC invocations=6230 (full 6):
 PSYoungGen      total 11264K, used 480K [0x00000000d5580000, 0x00000000d6500000, 0x0000000100000000)
  eden space 10752K, 0% used [0x00000000d5580000,0x00000000d5580000,0x00000000d6000000)
  from space 512K, 93% used [0x00000000d6000000,0x00000000d6078260,0x00000000d6080000)
  to   space 2560K, 0% used [0x00000000d6280000,0x00000000d6280000,0x00000000d6500000)
 ParOldGen       total 1355776K, used 1355329K [0x0000000080000000, 0x00000000d2c00000, 0x00000000d5580000)
  object space 1355776K, 99% used [0x0000000080000000,0x00000000d2b90460,0x00000000d2c00000)
 Metaspace       used 87626K, committed 89216K, reserved 1179648K
  class space    used 8656K, committed 9408K, reserved 1048576K
}
Event: 15785.423 GC heap before
{Heap before GC invocations=6231 (full 6):
 PSYoungGen      total 11264K, used 11232K [0x00000000d5580000, 0x00000000d6500000, 0x0000000100000000)
  eden space 10752K, 100% used [0x00000000d5580000,0x00000000d6000000,0x00000000d6000000)
  from space 512K, 93% used [0x00000000d6000000,0x00000000d6078260,0x00000000d6080000)
  to   space 2560K, 0% used [0x00000000d6280000,0x00000000d6280000,0x00000000d6500000)
 ParOldGen       total 1355776K, used 1355329K [0x0000000080000000, 0x00000000d2c00000, 0x00000000d5580000)
  object space 1355776K, 99% used [0x0000000080000000,0x00000000d2b90460,0x00000000d2c00000)
 Metaspace       used 87657K, committed 89216K, reserved 1179648K
  class space    used 8656K, committed 9408K, reserved 1048576K
}
Event: 15785.483 GC heap after
{Heap after GC invocations=6231 (full 6):
 PSYoungGen      total 11264K, used 224K [0x00000000d5580000, 0x00000000d6300000, 0x0000000100000000)
  eden space 10752K, 0% used [0x00000000d5580000,0x00000000d5580000,0x00000000d6000000)
  from space 512K, 43% used [0x00000000d6280000,0x00000000d62b8000,0x00000000d6300000)
  to   space 1024K, 0% used [0x00000000d6100000,0x00000000d6100000,0x00000000d6200000)
 ParOldGen       total 1355776K, used 1355377K [0x0000000080000000, 0x00000000d2c00000, 0x00000000d5580000)
  object space 1355776K, 99% used [0x0000000080000000,0x00000000d2b9c460,0x00000000d2c00000)
 Metaspace       used 87657K, committed 89216K, reserved 1179648K
  class space    used 8656K, committed 9408K, reserved 1048576K
}
Event: 15792.966 GC heap before
{Heap before GC invocations=6232 (full 6):
 PSYoungGen      total 11264K, used 10976K [0x00000000d5580000, 0x00000000d6300000, 0x0000000100000000)
  eden space 10752K, 100% used [0x00000000d5580000,0x00000000d6000000,0x00000000d6000000)
  from space 512K, 43% used [0x00000000d6280000,0x00000000d62b8000,0x00000000d6300000)
  to   space 1024K, 0% used [0x00000000d6100000,0x00000000d6100000,0x00000000d6200000)
 ParOldGen       total 1355776K, used 1355377K [0x0000000080000000, 0x00000000d2c00000, 0x00000000d5580000)
  object space 1355776K, 99% used [0x0000000080000000,0x00000000d2b9c460,0x00000000d2c00000)
 Metaspace       used 87657K, committed 89216K, reserved 1179648K
  class space    used 8656K, committed 9408K, reserved 1048576K
}
Event: 15792.972 GC heap after
{Heap after GC invocations=6232 (full 6):
 PSYoungGen      total 11776K, used 160K [0x00000000d5580000, 0x00000000d6300000, 0x0000000100000000)
  eden space 10752K, 0% used [0x00000000d5580000,0x00000000d5580000,0x00000000d6000000)
  from space 1024K, 15% used [0x00000000d6100000,0x00000000d6128000,0x00000000d6200000)
  to   space 512K, 0% used [0x00000000d6280000,0x00000000d6280000,0x00000000d6300000)
 ParOldGen       total 1355776K, used 1355417K [0x0000000080000000, 0x00000000d2c00000, 0x00000000d5580000)
  object space 1355776K, 99% used [0x0000000080000000,0x00000000d2ba6460,0x00000000d2c00000)
 Metaspace       used 87657K, committed 89216K, reserved 1179648K
  class space    used 8656K, committed 9408K, reserved 1048576K
}
Event: 15796.174 GC heap before
{Heap before GC invocations=6233 (full 6):
 PSYoungGen      total 11776K, used 10912K [0x00000000d5580000, 0x00000000d6300000, 0x0000000100000000)
  eden space 10752K, 100% used [0x00000000d5580000,0x00000000d6000000,0x00000000d6000000)
  from space 1024K, 15% used [0x00000000d6100000,0x00000000d6128000,0x00000000d6200000)
  to   space 512K, 0% used [0x00000000d6280000,0x00000000d6280000,0x00000000d6300000)
 ParOldGen       total 1355776K, used 1355417K [0x0000000080000000, 0x00000000d2c00000, 0x00000000d5580000)
  object space 1355776K, 99% used [0x0000000080000000,0x00000000d2ba6460,0x00000000d2c00000)
 Metaspace       used 87657K, committed 89216K, reserved 1179648K
  class space    used 8656K, committed 9408K, reserved 1048576K
}
Event: 15796.182 GC heap after
{Heap after GC invocations=6233 (full 6):
 PSYoungGen      total 11264K, used 192K [0x00000000d5580000, 0x00000000d6300000, 0x0000000100000000)
  eden space 10752K, 0% used [0x00000000d5580000,0x00000000d5580000,0x00000000d6000000)
  from space 512K, 37% used [0x00000000d6280000,0x00000000d62b0000,0x00000000d6300000)
  to   space 512K, 0% used [0x00000000d6200000,0x00000000d6200000,0x00000000d6280000)
 ParOldGen       total 1355776K, used 1355441K [0x0000000080000000, 0x00000000d2c00000, 0x00000000d5580000)
  object space 1355776K, 99% used [0x0000000080000000,0x00000000d2bac460,0x00000000d2c00000)
 Metaspace       used 87657K, committed 89216K, reserved 1179648K
  class space    used 8656K, committed 9408K, reserved 1048576K
}
Event: 15804.484 GC heap before
{Heap before GC invocations=6234 (full 6):
 PSYoungGen      total 11264K, used 10944K [0x00000000d5580000, 0x00000000d6300000, 0x0000000100000000)
  eden space 10752K, 100% used [0x00000000d5580000,0x00000000d6000000,0x00000000d6000000)
  from space 512K, 37% used [0x00000000d6280000,0x00000000d62b0000,0x00000000d6300000)
  to   space 512K, 0% used [0x00000000d6200000,0x00000000d6200000,0x00000000d6280000)
 ParOldGen       total 1355776K, used 1355441K [0x0000000080000000, 0x00000000d2c00000, 0x00000000d5580000)
  object space 1355776K, 99% used [0x0000000080000000,0x00000000d2bac460,0x00000000d2c00000)
 Metaspace       used 87657K, committed 89216K, reserved 1179648K
  class space    used 8656K, committed 9408K, reserved 1048576K
}
Event: 15804.496 GC heap after
{Heap after GC invocations=6234 (full 6):
 PSYoungGen      total 11264K, used 192K [0x00000000d5580000, 0x00000000d6300000, 0x0000000100000000)
  eden space 10752K, 0% used [0x00000000d5580000,0x00000000d5580000,0x00000000d6000000)
  from space 512K, 37% used [0x00000000d6200000,0x00000000d6230000,0x00000000d6280000)
  to   space 512K, 0% used [0x00000000d6280000,0x00000000d6280000,0x00000000d6300000)
 ParOldGen       total 1355776K, used 1355449K [0x0000000080000000, 0x00000000d2c00000, 0x00000000d5580000)
  object space 1355776K, 99% used [0x0000000080000000,0x00000000d2bae460,0x00000000d2c00000)
 Metaspace       used 87657K, committed 89216K, reserved 1179648K
  class space    used 8656K, committed 9408K, reserved 1048576K
}
Event: 15813.008 GC heap before
{Heap before GC invocations=6235 (full 6):
 PSYoungGen      total 11264K, used 10944K [0x00000000d5580000, 0x00000000d6300000, 0x0000000100000000)
  eden space 10752K, 100% used [0x00000000d5580000,0x00000000d6000000,0x00000000d6000000)
  from space 512K, 37% used [0x00000000d6200000,0x00000000d6230000,0x00000000d6280000)
  to   space 512K, 0% used [0x00000000d6280000,0x00000000d6280000,0x00000000d6300000)
 ParOldGen       total 1355776K, used 1355449K [0x0000000080000000, 0x00000000d2c00000, 0x00000000d5580000)
  object space 1355776K, 99% used [0x0000000080000000,0x00000000d2bae460,0x00000000d2c00000)
 Metaspace       used 87660K, committed 89216K, reserved 1179648K
  class space    used 8656K, committed 9408K, reserved 1048576K
}
Event: 15813.020 GC heap after
{Heap after GC invocations=6235 (full 6):
 PSYoungGen      total 11264K, used 160K [0x00000000d5580000, 0x00000000d6300000, 0x0000000100000000)
  eden space 10752K, 0% used [0x00000000d5580000,0x00000000d5580000,0x00000000d6000000)
  from space 512K, 31% used [0x00000000d6280000,0x00000000d62a8000,0x00000000d6300000)
  to   space 512K, 0% used [0x00000000d6200000,0x00000000d6200000,0x00000000d6280000)
 ParOldGen       total 1355776K, used 1355465K [0x0000000080000000, 0x00000000d2c00000, 0x00000000d5580000)
  object space 1355776K, 99% used [0x0000000080000000,0x00000000d2bb2460,0x00000000d2c00000)
 Metaspace       used 87660K, committed 89216K, reserved 1179648K
  class space    used 8656K, committed 9408K, reserved 1048576K
}
Event: 15834.499 GC heap before
{Heap before GC invocations=6236 (full 6):
 PSYoungGen      total 11264K, used 10912K [0x00000000d5580000, 0x00000000d6300000, 0x0000000100000000)
  eden space 10752K, 100% used [0x00000000d5580000,0x00000000d6000000,0x00000000d6000000)
  from space 512K, 31% used [0x00000000d6280000,0x00000000d62a8000,0x00000000d6300000)
  to   space 512K, 0% used [0x00000000d6200000,0x00000000d6200000,0x00000000d6280000)
 ParOldGen       total 1355776K, used 1355465K [0x0000000080000000, 0x00000000d2c00000, 0x00000000d5580000)
  object space 1355776K, 99% used [0x0000000080000000,0x00000000d2bb2460,0x00000000d2c00000)
 Metaspace       used 87660K, committed 89216K, reserved 1179648K
  class space    used 8656K, committed 9408K, reserved 1048576K
}
Event: 15834.513 GC heap after
{Heap after GC invocations=6236 (full 6):
 PSYoungGen      total 11264K, used 160K [0x00000000d5580000, 0x00000000d6300000, 0x0000000100000000)
  eden space 10752K, 0% used [0x00000000d5580000,0x00000000d5580000,0x00000000d6000000)
  from space 512K, 31% used [0x00000000d6200000,0x00000000d6228000,0x00000000d6280000)
  to   space 512K, 0% used [0x00000000d6280000,0x00000000d6280000,0x00000000d6300000)
 ParOldGen       total 1355776K, used 1355473K [0x0000000080000000, 0x00000000d2c00000, 0x00000000d5580000)
  object space 1355776K, 99% used [0x0000000080000000,0x00000000d2bb4460,0x00000000d2c00000)
 Metaspace       used 87660K, committed 89216K, reserved 1179648K
  class space    used 8656K, committed 9408K, reserved 1048576K
}

